<component name="libraryTable">
  <library name="junit-platform-console-standalone-1.13.1-javadoc">
    <CLASSES>
      <root url="jar://$PROJECT_DIR$/lib/junit-platform-console-standalone-1.13.1-javadoc.jar!/" />
    </CLASSES>
    <JAVADOC />
    <SOURCES />
  </library>
</component>